Warnings encountered during the last execution of ms3 review (v1.2.4)
=====================================================================

DCML_HARMONY_SYNTAX_WARNING (15,) ms3.Parse.couperin_clavecin.07_septieme_prelude -- /usr/local/lib/python3.10/site-packages/ms3/annotations.py (line 382) expand_dcml():
	Score contains 1 labels that don't (and 87 that do) match the DCML standard:
	    mc  mn label harmony_layer
	74  20  20     |             1
DCML_PHRASE_INCONGRUENCY_WARNING (16,) ms3.Parse.couperin_clavecin.07_septieme_prelude -- /usr/local/lib/python3.10/site-packages/ms3/utils.py (line 5122) check_phrase_annotations():
	Phrase beginning and endings don't match:
	mn_playthrough phraseend mn_playthrough phraseend
	            1a         {             3a         }
	            3a         {             4a         }
	            4a         {             6a         }
	            6a         {             8a         }
	            8a         {            10a         }
	           10a         {            12a         }
	           16a         {            16a         }
	           18a         {            18a         }
	           20a         {            20a         }
	           22a         {            22a         }
	           NaN       NaN            24a         }
