Traceback (most recent call last):
  File "/home/runner/.local/lib/python3.10/site-packages/jupyter_cache/executors/utils.py", line 58, in single_nb_execution
    executenb(
  File "/home/runner/.local/lib/python3.10/site-packages/nbclient/client.py", line 1204, in execute
    return NotebookClient(nb=nb, resources=resources, km=km, **kwargs).execute()
  File "/home/runner/.local/lib/python3.10/site-packages/nbclient/util.py", line 84, in wrapped
    return just_run(coro(*args, **kwargs))
  File "/home/runner/.local/lib/python3.10/site-packages/nbclient/util.py", line 62, in just_run
    return loop.run_until_complete(coro)
  File "/usr/lib/python3.10/asyncio/base_events.py", line 649, in run_until_complete
    return future.result()
  File "/home/runner/.local/lib/python3.10/site-packages/nbclient/client.py", line 663, in async_execute
    await self.async_execute_cell(
  File "/home/runner/.local/lib/python3.10/site-packages/nbclient/client.py", line 965, in async_execute_cell
    await self._check_raise_for_error(cell, cell_index, exec_reply)
  File "/home/runner/.local/lib/python3.10/site-packages/nbclient/client.py", line 862, in _check_raise_for_error
    raise CellExecutionError.from_cell_and_msg(cell, exec_reply_content)
nbclient.exceptions.CellExecutionError: An error occurred while executing the following cell:
------------------
all_metadata = dataset.data.metadata()
assert len(all_metadata) > 0, "No pieces selected for analysis."
print(f"Concatenated 'metadata.tsv' files cover {len(all_metadata)} of the {dataset.data.count_pieces()} scores.")
all_metadata.reset_index(level=1).groupby(level=0).nth(0).iloc[:,:20]
------------------

[0;31m---------------------------------------------------------------------------[0m
[0;31mValueError[0m                                Traceback (most recent call last)
Cell [0;32mIn[7], line 1[0m
[0;32m----> 1[0m all_metadata [38;5;241m=[39m [43mdataset[49m[38;5;241;43m.[39;49m[43mdata[49m[38;5;241;43m.[39;49m[43mmetadata[49m[43m([49m[43m)[49m
[1;32m      2[0m [38;5;28;01massert[39;00m [38;5;28mlen[39m(all_metadata) [38;5;241m>[39m [38;5;241m0[39m, [38;5;124m"[39m[38;5;124mNo pieces selected for analysis.[39m[38;5;124m"[39m
[1;32m      3[0m [38;5;28mprint[39m([38;5;124mf[39m[38;5;124m"[39m[38;5;124mConcatenated [39m[38;5;124m'[39m[38;5;124mmetadata.tsv[39m[38;5;124m'[39m[38;5;124m files cover [39m[38;5;132;01m{[39;00m[38;5;28mlen[39m(all_metadata)[38;5;132;01m}[39;00m[38;5;124m of the [39m[38;5;132;01m{[39;00mdataset[38;5;241m.[39mdata[38;5;241m.[39mcount_pieces()[38;5;132;01m}[39;00m[38;5;124m scores.[39m[38;5;124m"[39m)

File [0;32m~/.local/lib/python3.10/site-packages/ms3/parse.py:1640[0m, in [0;36mParse.metadata[0;34m(self, view_name, choose)[0m
[1;32m   1631[0m [38;5;28;01mdef[39;00m [38;5;21mmetadata[39m(
[1;32m   1632[0m     [38;5;28mself[39m,
[1;32m   1633[0m     view_name: Optional[[38;5;28mstr[39m] [38;5;241m=[39m [38;5;28;01mNone[39;00m,
[1;32m   1634[0m     choose: Optional[Literal[[38;5;124m"[39m[38;5;124mauto[39m[38;5;124m"[39m, [38;5;124m"[39m[38;5;124mask[39m[38;5;124m"[39m]] [38;5;241m=[39m [38;5;28;01mNone[39;00m,
[1;32m   1635[0m ) [38;5;241m-[39m[38;5;241m>[39m pd[38;5;241m.[39mDataFrame:
[1;32m   1636[0m     metadata_dfs [38;5;241m=[39m {
[1;32m   1637[0m         corpus_name: corpus[38;5;241m.[39mmetadata(view_name[38;5;241m=[39mview_name, choose[38;5;241m=[39mchoose)
[1;32m   1638[0m         [38;5;28;01mfor[39;00m corpus_name, corpus [38;5;129;01min[39;00m [38;5;28mself[39m[38;5;241m.[39miter_corpora(view_name[38;5;241m=[39mview_name)
[1;32m   1639[0m     }
[0;32m-> 1640[0m     metadata [38;5;241m=[39m [43mpd[49m[38;5;241;43m.[39;49m[43mconcat[49m[43m([49m
[1;32m   1641[0m [43m        [49m[43mmetadata_dfs[49m[38;5;241;43m.[39;49m[43mvalues[49m[43m([49m[43m)[49m[43m,[49m[43m [49m[43mkeys[49m[38;5;241;43m=[39;49m[43mmetadata_dfs[49m[38;5;241;43m.[39;49m[43mkeys[49m[43m([49m[43m)[49m[43m,[49m[43m [49m[43mnames[49m[38;5;241;43m=[39;49m[43m[[49m[38;5;124;43m"[39;49m[38;5;124;43mcorpus[39;49m[38;5;124;43m"[39;49m[43m,[49m[43m [49m[38;5;124;43m"[39;49m[38;5;124;43mpiece[39;49m[38;5;124;43m"[39;49m[43m][49m
[1;32m   1642[0m [43m    [49m[43m)[49m
[1;32m   1643[0m     [38;5;28;01mreturn[39;00m metadata

File [0;32m~/.local/lib/python3.10/site-packages/pandas/util/_decorators.py:331[0m, in [0;36mdeprecate_nonkeyword_arguments.<locals>.decorate.<locals>.wrapper[0;34m(*args, **kwargs)[0m
[1;32m    325[0m [38;5;28;01mif[39;00m [38;5;28mlen[39m(args) [38;5;241m>[39m num_allow_args:
[1;32m    326[0m     warnings[38;5;241m.[39mwarn(
[1;32m    327[0m         msg[38;5;241m.[39mformat(arguments[38;5;241m=[39m_format_argument_list(allow_args)),
[1;32m    328[0m         [38;5;167;01mFutureWarning[39;00m,
[1;32m    329[0m         stacklevel[38;5;241m=[39mfind_stack_level(),
[1;32m    330[0m     )
[0;32m--> 331[0m [38;5;28;01mreturn[39;00m [43mfunc[49m[43m([49m[38;5;241;43m*[39;49m[43margs[49m[43m,[49m[43m [49m[38;5;241;43m*[39;49m[38;5;241;43m*[39;49m[43mkwargs[49m[43m)[49m

File [0;32m~/.local/lib/python3.10/site-packages/pandas/core/reshape/concat.py:368[0m, in [0;36mconcat[0;34m(objs, axis, join, ignore_index, keys, levels, names, verify_integrity, sort, copy)[0m
[1;32m    146[0m [38;5;129m@deprecate_nonkeyword_arguments[39m(version[38;5;241m=[39m[38;5;28;01mNone[39;00m, allowed_args[38;5;241m=[39m[[38;5;124m"[39m[38;5;124mobjs[39m[38;5;124m"[39m])
[1;32m    147[0m [38;5;28;01mdef[39;00m [38;5;21mconcat[39m(
[1;32m    148[0m     objs: Iterable[NDFrame] [38;5;241m|[39m Mapping[HashableT, NDFrame],
[0;32m   (...)[0m
[1;32m    157[0m     copy: [38;5;28mbool[39m [38;5;241m=[39m [38;5;28;01mTrue[39;00m,
[1;32m    158[0m ) [38;5;241m-[39m[38;5;241m>[39m DataFrame [38;5;241m|[39m Series:
[1;32m    159[0m [38;5;250m    [39m[38;5;124;03m"""[39;00m
[1;32m    160[0m [38;5;124;03m    Concatenate pandas objects along a particular axis.[39;00m
[1;32m    161[0m 
[0;32m   (...)[0m
[1;32m    366[0m [38;5;124;03m    1   3   4[39;00m
[1;32m    367[0m [38;5;124;03m    """[39;00m
[0;32m--> 368[0m     op [38;5;241m=[39m [43m_Concatenator[49m[43m([49m
[1;32m    369[0m [43m        [49m[43mobjs[49m[43m,[49m
[1;32m    370[0m [43m        [49m[43maxis[49m[38;5;241;43m=[39;49m[43maxis[49m[43m,[49m
[1;32m    371[0m [43m        [49m[43mignore_index[49m[38;5;241;43m=[39;49m[43mignore_index[49m[43m,[49m
[1;32m    372[0m [43m        [49m[43mjoin[49m[38;5;241;43m=[39;49m[43mjoin[49m[43m,[49m
[1;32m    373[0m [43m        [49m[43mkeys[49m[38;5;241;43m=[39;49m[43mkeys[49m[43m,[49m
[1;32m    374[0m [43m        [49m[43mlevels[49m[38;5;241;43m=[39;49m[43mlevels[49m[43m,[49m
[1;32m    375[0m [43m        [49m[43mnames[49m[38;5;241;43m=[39;49m[43mnames[49m[43m,[49m
[1;32m    376[0m [43m        [49m[43mverify_integrity[49m[38;5;241;43m=[39;49m[43mverify_integrity[49m[43m,[49m
[1;32m    377[0m [43m        [49m[43mcopy[49m[38;5;241;43m=[39;49m[43mcopy[49m[43m,[49m
[1;32m    378[0m [43m        [49m[43msort[49m[38;5;241;43m=[39;49m[43msort[49m[43m,[49m
[1;32m    379[0m [43m    [49m[43m)[49m
[1;32m    381[0m     [38;5;28;01mreturn[39;00m op[38;5;241m.[39mget_result()

File [0;32m~/.local/lib/python3.10/site-packages/pandas/core/reshape/concat.py:425[0m, in [0;36m_Concatenator.__init__[0;34m(self, objs, axis, join, keys, levels, names, ignore_index, verify_integrity, copy, sort)[0m
[1;32m    422[0m     objs [38;5;241m=[39m [38;5;28mlist[39m(objs)
[1;32m    424[0m [38;5;28;01mif[39;00m [38;5;28mlen[39m(objs) [38;5;241m==[39m [38;5;241m0[39m:
[0;32m--> 425[0m     [38;5;28;01mraise[39;00m [38;5;167;01mValueError[39;00m([38;5;124m"[39m[38;5;124mNo objects to concatenate[39m[38;5;124m"[39m)
[1;32m    427[0m [38;5;28;01mif[39;00m keys [38;5;129;01mis[39;00m [38;5;28;01mNone[39;00m:
[1;32m    428[0m     objs [38;5;241m=[39m [38;5;28mlist[39m(com[38;5;241m.[39mnot_none([38;5;241m*[39mobjs))

[0;31mValueError[0m: No objects to concatenate
ValueError: No objects to concatenate

